This is pdfTeX, Version 3.14159265-2.6-1.40.20 (TeX Live 2019) (preloaded format=pdflatex 2019.10.2)  12 DEC 2019 16:25
entering extended mode
 restricted \write18 enabled.
 file:line:error style messages enabled.
 %&-line parsing enabled.
**fact_finder.tex
(./fact_finder.tex
LaTeX2e <2018-12-01>
(/usr/local/texlive/2019/texmf-dist/tex/latex/IEEEtran/IEEEtran.cls
Document Class: IEEEtran 2015/08/26 V1.8b by Michael Shell
-- See the "IEEEtran_HOWTO" manual for usage information.
-- http://www.michaelshell.org/tex/ieeetran/
\@IEEEtrantmpdimenA=\dimen102
\@IEEEtrantmpdimenB=\dimen103
\@IEEEtrantmpdimenC=\dimen104
\@IEEEtrantmpcountA=\count80
\@IEEEtrantmpcountB=\count81
\@IEEEtrantmpcountC=\count82
\@IEEEtrantmptoksA=\toks14
LaTeX Font Info:    Try loading font information for OT1+ptm on input line 503.

(/usr/local/texlive/2019/texmf-dist/tex/latex/psnfss/ot1ptm.fd
File: ot1ptm.fd 2001/06/04 font definitions for OT1/ptm.
)
-- Using 8.5in x 11in (letter) paper.
-- Using PDF output.
\@IEEEnormalsizeunitybaselineskip=\dimen105
-- This is a 10 point document.
\CLASSINFOnormalsizebaselineskip=\dimen106
\CLASSINFOnormalsizeunitybaselineskip=\dimen107
\IEEEnormaljot=\dimen108
LaTeX Font Info:    Font shape `OT1/ptm/bx/n' in size <5> not available
(Font)              Font shape `OT1/ptm/b/n' tried instead on input line 1090.
LaTeX Font Info:    Font shape `OT1/ptm/bx/it' in size <5> not available
(Font)              Font shape `OT1/ptm/b/it' tried instead on input line 1090.

LaTeX Font Info:    Font shape `OT1/ptm/bx/n' in size <7> not available
(Font)              Font shape `OT1/ptm/b/n' tried instead on input line 1090.
LaTeX Font Info:    Font shape `OT1/ptm/bx/it' in size <7> not available
(Font)              Font shape `OT1/ptm/b/it' tried instead on input line 1090.

LaTeX Font Info:    Font shape `OT1/ptm/bx/n' in size <8> not available
(Font)              Font shape `OT1/ptm/b/n' tried instead on input line 1090.
LaTeX Font Info:    Font shape `OT1/ptm/bx/it' in size <8> not available
(Font)              Font shape `OT1/ptm/b/it' tried instead on input line 1090.

LaTeX Font Info:    Font shape `OT1/ptm/bx/n' in size <9> not available
(Font)              Font shape `OT1/ptm/b/n' tried instead on input line 1090.
LaTeX Font Info:    Font shape `OT1/ptm/bx/it' in size <9> not available
(Font)              Font shape `OT1/ptm/b/it' tried instead on input line 1090.

LaTeX Font Info:    Font shape `OT1/ptm/bx/n' in size <10> not available
(Font)              Font shape `OT1/ptm/b/n' tried instead on input line 1090.
LaTeX Font Info:    Font shape `OT1/ptm/bx/it' in size <10> not available
(Font)              Font shape `OT1/ptm/b/it' tried instead on input line 1090.

LaTeX Font Info:    Font shape `OT1/ptm/bx/n' in size <11> not available
(Font)              Font shape `OT1/ptm/b/n' tried instead on input line 1090.
LaTeX Font Info:    Font shape `OT1/ptm/bx/it' in size <11> not available
(Font)              Font shape `OT1/ptm/b/it' tried instead on input line 1090.

LaTeX Font Info:    Font shape `OT1/ptm/bx/n' in size <12> not available
(Font)              Font shape `OT1/ptm/b/n' tried instead on input line 1090.
LaTeX Font Info:    Font shape `OT1/ptm/bx/it' in size <12> not available
(Font)              Font shape `OT1/ptm/b/it' tried instead on input line 1090.

LaTeX Font Info:    Font shape `OT1/ptm/bx/n' in size <17> not available
(Font)              Font shape `OT1/ptm/b/n' tried instead on input line 1090.
LaTeX Font Info:    Font shape `OT1/ptm/bx/it' in size <17> not available
(Font)              Font shape `OT1/ptm/b/it' tried instead on input line 1090.

LaTeX Font Info:    Font shape `OT1/ptm/bx/n' in size <20> not available
(Font)              Font shape `OT1/ptm/b/n' tried instead on input line 1090.
LaTeX Font Info:    Font shape `OT1/ptm/bx/it' in size <20> not available
(Font)              Font shape `OT1/ptm/b/it' tried instead on input line 1090.

LaTeX Font Info:    Font shape `OT1/ptm/bx/n' in size <24> not available
(Font)              Font shape `OT1/ptm/b/n' tried instead on input line 1090.
LaTeX Font Info:    Font shape `OT1/ptm/bx/it' in size <24> not available
(Font)              Font shape `OT1/ptm/b/it' tried instead on input line 1090.

\IEEEquantizedlength=\dimen109
\IEEEquantizedlengthdiff=\dimen110
\IEEEquantizedtextheightdiff=\dimen111
\IEEEilabelindentA=\dimen112
\IEEEilabelindentB=\dimen113
\IEEEilabelindent=\dimen114
\IEEEelabelindent=\dimen115
\IEEEdlabelindent=\dimen116
\IEEElabelindent=\dimen117
\IEEEiednormlabelsep=\dimen118
\IEEEiedmathlabelsep=\dimen119
\IEEEiedtopsep=\skip41
\c@section=\count83
\c@subsection=\count84
\c@subsubsection=\count85
\c@paragraph=\count86
\c@IEEEsubequation=\count87
\abovecaptionskip=\skip42
\belowcaptionskip=\skip43
\c@figure=\count88
\c@table=\count89
\@IEEEeqnnumcols=\count90
\@IEEEeqncolcnt=\count91
\@IEEEsubeqnnumrollback=\count92
\@IEEEquantizeheightA=\dimen120
\@IEEEquantizeheightB=\dimen121
\@IEEEquantizeheightC=\dimen122
\@IEEEquantizeprevdepth=\dimen123
\@IEEEquantizemultiple=\count93
\@IEEEquantizeboxA=\box27
\@IEEEtmpitemindent=\dimen124
\IEEEPARstartletwidth=\dimen125
\c@IEEEbiography=\count94
\@IEEEtranrubishbin=\box28
)
** ATTENTION: Overriding command lockouts (line 2).
(/usr/local/texlive/2019/texmf-dist/tex/latex/multirow/multirow.sty
Package: multirow 2019/05/31 v2.5 Span multiple rows of a table
\multirow@colwidth=\skip44
\multirow@cntb=\count95
\multirow@dima=\skip45
\bigstrutjot=\dimen126
)
(/usr/local/texlive/2019/texmf-dist/tex/latex/makecell/makecell.sty
Package: makecell 2009/08/03 V0.1e Managing of Tab Column Heads and Cells

(/usr/local/texlive/2019/texmf-dist/tex/latex/tools/array.sty
Package: array 2018/12/30 v2.4k Tabular extension package (FMi)
\col@sep=\dimen127
\ar@mcellbox=\box29
\extrarowheight=\dimen128
\NC@list=\toks15
\extratabsurround=\skip46
\backup@length=\skip47
\ar@cellbox=\box30
)
\rotheadsize=\dimen129
\c@nlinenum=\count96
\TeXr@lab=\toks16
)
(/usr/local/texlive/2019/texmf-dist/tex/latex/cite/cite.sty
LaTeX Info: Redefining \cite on input line 302.
LaTeX Info: Redefining \nocite on input line 332.
Package: cite 2015/02/27  v 5.5
)
(/usr/local/texlive/2019/texmf-dist/tex/latex/amsmath/amsmath.sty
Package: amsmath 2018/12/01 v2.17b AMS math features
\@mathmargin=\skip48

For additional information on amsmath, use the `?' option.
(/usr/local/texlive/2019/texmf-dist/tex/latex/amsmath/amstext.sty
Package: amstext 2000/06/29 v2.01 AMS text

(/usr/local/texlive/2019/texmf-dist/tex/latex/amsmath/amsgen.sty
File: amsgen.sty 1999/11/30 v2.0 generic functions
\@emptytoks=\toks17
\ex@=\dimen130
))
(/usr/local/texlive/2019/texmf-dist/tex/latex/amsmath/amsbsy.sty
Package: amsbsy 1999/11/29 v1.2d Bold Symbols
\pmbraise@=\dimen131
)
(/usr/local/texlive/2019/texmf-dist/tex/latex/amsmath/amsopn.sty
Package: amsopn 2016/03/08 v2.02 operator names
)
\inf@bad=\count97
LaTeX Info: Redefining \frac on input line 223.
\uproot@=\count98
\leftroot@=\count99
LaTeX Info: Redefining \overline on input line 385.
\classnum@=\count100
\DOTSCASE@=\count101
LaTeX Info: Redefining \ldots on input line 482.
LaTeX Info: Redefining \dots on input line 485.
LaTeX Info: Redefining \cdots on input line 606.
\Mathstrutbox@=\box31
\strutbox@=\box32
\big@size=\dimen132
LaTeX Font Info:    Redeclaring font encoding OML on input line 729.
LaTeX Font Info:    Redeclaring font encoding OMS on input line 730.
\macc@depth=\count102
\c@MaxMatrixCols=\count103
\dotsspace@=\muskip10
\c@parentequation=\count104
\dspbrk@lvl=\count105
\tag@help=\toks18
\row@=\count106
\column@=\count107
\maxfields@=\count108
\andhelp@=\toks19
\eqnshift@=\dimen133
\alignsep@=\dimen134
\tagshift@=\dimen135
\tagwidth@=\dimen136
\totwidth@=\dimen137
\lineht@=\dimen138
\@envbody=\toks20
\multlinegap=\skip49
\multlinetaggap=\skip50
\mathdisplay@stack=\toks21
LaTeX Info: Redefining \[ on input line 2844.
LaTeX Info: Redefining \] on input line 2845.
)
(/usr/local/texlive/2019/texmf-dist/tex/latex/amsfonts/amssymb.sty
Package: amssymb 2013/01/14 v3.01 AMS font symbols

(/usr/local/texlive/2019/texmf-dist/tex/latex/amsfonts/amsfonts.sty
Package: amsfonts 2013/01/14 v3.01 Basic AMSFonts support
\symAMSa=\mathgroup4
\symAMSb=\mathgroup5
LaTeX Font Info:    Overwriting math alphabet `\mathfrak' in version `bold'
(Font)                  U/euf/m/n --> U/euf/b/n on input line 106.
))
(/usr/local/texlive/2019/texmf-dist/tex/latex/algorithms/algorithmic.sty
Package: algorithmic 2009/08/24 v0.1 Document Style `algorithmic'

(/usr/local/texlive/2019/texmf-dist/tex/latex/base/ifthen.sty
Package: ifthen 2014/09/29 v1.1c Standard LaTeX ifthen package (DPC)
)
(/usr/local/texlive/2019/texmf-dist/tex/latex/graphics/keyval.sty
Package: keyval 2014/10/28 v1.15 key=value parser (DPC)
\KV@toks@=\toks22
)
\c@ALC@unique=\count109
\c@ALC@line=\count110
\c@ALC@rem=\count111
\c@ALC@depth=\count112
\ALC@tlm=\skip51
\algorithmicindent=\skip52
)
(/usr/local/texlive/2019/texmf-dist/tex/latex/graphics/graphicx.sty
Package: graphicx 2017/06/01 v1.1a Enhanced LaTeX Graphics (DPC,SPQR)

(/usr/local/texlive/2019/texmf-dist/tex/latex/graphics/graphics.sty
Package: graphics 2017/06/25 v1.2c Standard LaTeX Graphics (DPC,SPQR)

(/usr/local/texlive/2019/texmf-dist/tex/latex/graphics/trig.sty
Package: trig 2016/01/03 v1.10 sin cos tan (DPC)
)
(/usr/local/texlive/2019/texmf-dist/tex/latex/graphics-cfg/graphics.cfg
File: graphics.cfg 2016/06/04 v1.11 sample graphics configuration
)
Package graphics Info: Driver file: pdftex.def on input line 99.

(/usr/local/texlive/2019/texmf-dist/tex/latex/graphics-def/pdftex.def
File: pdftex.def 2018/01/08 v1.0l Graphics/color driver for pdftex
))
\Gin@req@height=\dimen139
\Gin@req@width=\dimen140
)
(/usr/local/texlive/2019/texmf-dist/tex/latex/base/textcomp.sty
Package: textcomp 2018/08/11 v2.0j Standard LaTeX package
Package textcomp Info: Sub-encoding information:
(textcomp)               5 = only ISO-Adobe without \textcurrency
(textcomp)               4 = 5 + \texteuro
(textcomp)               3 = 4 + \textohm
(textcomp)               2 = 3 + \textestimated + \textcurrency
(textcomp)               1 = TS1 - \textcircled - \t
(textcomp)               0 = TS1 (full)
(textcomp)             Font families with sub-encoding setting implement
(textcomp)             only a restricted character set as indicated.
(textcomp)             Family '?' is the default used for unknown fonts.
(textcomp)             See the documentation for details.
Package textcomp Info: Setting ? sub-encoding to TS1/1 on input line 79.

(/usr/local/texlive/2019/texmf-dist/tex/latex/base/ts1enc.def
File: ts1enc.def 2001/06/05 v3.0e (jk/car/fm) Standard LaTeX file
Now handling font encoding TS1 ...
... processing UTF-8 mapping file for font encoding TS1

(/usr/local/texlive/2019/texmf-dist/tex/latex/base/ts1enc.dfu
File: ts1enc.dfu 2018/10/05 v1.2f UTF-8 support for inputenc
   defining Unicode char U+00A2 (decimal 162)
   defining Unicode char U+00A3 (decimal 163)
   defining Unicode char U+00A4 (decimal 164)
   defining Unicode char U+00A5 (decimal 165)
   defining Unicode char U+00A6 (decimal 166)
   defining Unicode char U+00A7 (decimal 167)
   defining Unicode char U+00A8 (decimal 168)
   defining Unicode char U+00A9 (decimal 169)
   defining Unicode char U+00AA (decimal 170)
   defining Unicode char U+00AC (decimal 172)
   defining Unicode char U+00AE (decimal 174)
   defining Unicode char U+00AF (decimal 175)
   defining Unicode char U+00B0 (decimal 176)
   defining Unicode char U+00B1 (decimal 177)
   defining Unicode char U+00B2 (decimal 178)
   defining Unicode char U+00B3 (decimal 179)
   defining Unicode char U+00B4 (decimal 180)
   defining Unicode char U+00B5 (decimal 181)
   defining Unicode char U+00B6 (decimal 182)
   defining Unicode char U+00B7 (decimal 183)
   defining Unicode char U+00B9 (decimal 185)
   defining Unicode char U+00BA (decimal 186)
   defining Unicode char U+00BC (decimal 188)
   defining Unicode char U+00BD (decimal 189)
   defining Unicode char U+00BE (decimal 190)
   defining Unicode char U+00D7 (decimal 215)
   defining Unicode char U+00F7 (decimal 247)
   defining Unicode char U+0192 (decimal 402)
   defining Unicode char U+02C7 (decimal 711)
   defining Unicode char U+02D8 (decimal 728)
   defining Unicode char U+02DD (decimal 733)
   defining Unicode char U+0E3F (decimal 3647)
   defining Unicode char U+2016 (decimal 8214)
   defining Unicode char U+2020 (decimal 8224)
   defining Unicode char U+2021 (decimal 8225)
   defining Unicode char U+2022 (decimal 8226)
   defining Unicode char U+2030 (decimal 8240)
   defining Unicode char U+2031 (decimal 8241)
   defining Unicode char U+203B (decimal 8251)
   defining Unicode char U+203D (decimal 8253)
   defining Unicode char U+2044 (decimal 8260)
   defining Unicode char U+204E (decimal 8270)
   defining Unicode char U+2052 (decimal 8274)
   defining Unicode char U+20A1 (decimal 8353)
   defining Unicode char U+20A4 (decimal 8356)
   defining Unicode char U+20A6 (decimal 8358)
   defining Unicode char U+20A9 (decimal 8361)
   defining Unicode char U+20AB (decimal 8363)
   defining Unicode char U+20AC (decimal 8364)
   defining Unicode char U+20B1 (decimal 8369)
   defining Unicode char U+2103 (decimal 8451)
   defining Unicode char U+2116 (decimal 8470)
   defining Unicode char U+2117 (decimal 8471)
   defining Unicode char U+211E (decimal 8478)
   defining Unicode char U+2120 (decimal 8480)
   defining Unicode char U+2122 (decimal 8482)
   defining Unicode char U+2126 (decimal 8486)
   defining Unicode char U+2127 (decimal 8487)
   defining Unicode char U+212E (decimal 8494)
   defining Unicode char U+2190 (decimal 8592)
   defining Unicode char U+2191 (decimal 8593)
   defining Unicode char U+2192 (decimal 8594)
   defining Unicode char U+2193 (decimal 8595)
   defining Unicode char U+2329 (decimal 9001)
   defining Unicode char U+232A (decimal 9002)
   defining Unicode char U+2422 (decimal 9250)
   defining Unicode char U+25E6 (decimal 9702)
   defining Unicode char U+25EF (decimal 9711)
   defining Unicode char U+266A (decimal 9834)
   defining Unicode char U+FEFF (decimal 65279)
))
LaTeX Info: Redefining \oldstylenums on input line 334.
Package textcomp Info: Setting cmr sub-encoding to TS1/0 on input line 349.
Package textcomp Info: Setting cmss sub-encoding to TS1/0 on input line 350.
Package textcomp Info: Setting cmtt sub-encoding to TS1/0 on input line 351.
Package textcomp Info: Setting cmvtt sub-encoding to TS1/0 on input line 352.
Package textcomp Info: Setting cmbr sub-encoding to TS1/0 on input line 353.
Package textcomp Info: Setting cmtl sub-encoding to TS1/0 on input line 354.
Package textcomp Info: Setting ccr sub-encoding to TS1/0 on input line 355.
Package textcomp Info: Setting ptm sub-encoding to TS1/4 on input line 356.
Package textcomp Info: Setting pcr sub-encoding to TS1/4 on input line 357.
Package textcomp Info: Setting phv sub-encoding to TS1/4 on input line 358.
Package textcomp Info: Setting ppl sub-encoding to TS1/3 on input line 359.
Package textcomp Info: Setting pag sub-encoding to TS1/4 on input line 360.
Package textcomp Info: Setting pbk sub-encoding to TS1/4 on input line 361.
Package textcomp Info: Setting pnc sub-encoding to TS1/4 on input line 362.
Package textcomp Info: Setting pzc sub-encoding to TS1/4 on input line 363.
Package textcomp Info: Setting bch sub-encoding to TS1/4 on input line 364.
Package textcomp Info: Setting put sub-encoding to TS1/5 on input line 365.
Package textcomp Info: Setting uag sub-encoding to TS1/5 on input line 366.
Package textcomp Info: Setting ugq sub-encoding to TS1/5 on input line 367.
Package textcomp Info: Setting ul8 sub-encoding to TS1/4 on input line 368.
Package textcomp Info: Setting ul9 sub-encoding to TS1/4 on input line 369.
Package textcomp Info: Setting augie sub-encoding to TS1/5 on input line 370.
Package textcomp Info: Setting dayrom sub-encoding to TS1/3 on input line 371.
Package textcomp Info: Setting dayroms sub-encoding to TS1/3 on input line 372.

Package textcomp Info: Setting pxr sub-encoding to TS1/0 on input line 373.
Package textcomp Info: Setting pxss sub-encoding to TS1/0 on input line 374.
Package textcomp Info: Setting pxtt sub-encoding to TS1/0 on input line 375.
Package textcomp Info: Setting txr sub-encoding to TS1/0 on input line 376.
Package textcomp Info: Setting txss sub-encoding to TS1/0 on input line 377.
Package textcomp Info: Setting txtt sub-encoding to TS1/0 on input line 378.
Package textcomp Info: Setting lmr sub-encoding to TS1/0 on input line 379.
Package textcomp Info: Setting lmdh sub-encoding to TS1/0 on input line 380.
Package textcomp Info: Setting lmss sub-encoding to TS1/0 on input line 381.
Package textcomp Info: Setting lmssq sub-encoding to TS1/0 on input line 382.
Package textcomp Info: Setting lmvtt sub-encoding to TS1/0 on input line 383.
Package textcomp Info: Setting lmtt sub-encoding to TS1/0 on input line 384.
Package textcomp Info: Setting qhv sub-encoding to TS1/0 on input line 385.
Package textcomp Info: Setting qag sub-encoding to TS1/0 on input line 386.
Package textcomp Info: Setting qbk sub-encoding to TS1/0 on input line 387.
Package textcomp Info: Setting qcr sub-encoding to TS1/0 on input line 388.
Package textcomp Info: Setting qcs sub-encoding to TS1/0 on input line 389.
Package textcomp Info: Setting qpl sub-encoding to TS1/0 on input line 390.
Package textcomp Info: Setting qtm sub-encoding to TS1/0 on input line 391.
Package textcomp Info: Setting qzc sub-encoding to TS1/0 on input line 392.
Package textcomp Info: Setting qhvc sub-encoding to TS1/0 on input line 393.
Package textcomp Info: Setting futs sub-encoding to TS1/4 on input line 394.
Package textcomp Info: Setting futx sub-encoding to TS1/4 on input line 395.
Package textcomp Info: Setting futj sub-encoding to TS1/4 on input line 396.
Package textcomp Info: Setting hlh sub-encoding to TS1/3 on input line 397.
Package textcomp Info: Setting hls sub-encoding to TS1/3 on input line 398.
Package textcomp Info: Setting hlst sub-encoding to TS1/3 on input line 399.
Package textcomp Info: Setting hlct sub-encoding to TS1/5 on input line 400.
Package textcomp Info: Setting hlx sub-encoding to TS1/5 on input line 401.
Package textcomp Info: Setting hlce sub-encoding to TS1/5 on input line 402.
Package textcomp Info: Setting hlcn sub-encoding to TS1/5 on input line 403.
Package textcomp Info: Setting hlcw sub-encoding to TS1/5 on input line 404.
Package textcomp Info: Setting hlcf sub-encoding to TS1/5 on input line 405.
Package textcomp Info: Setting pplx sub-encoding to TS1/3 on input line 406.
Package textcomp Info: Setting pplj sub-encoding to TS1/3 on input line 407.
Package textcomp Info: Setting ptmx sub-encoding to TS1/4 on input line 408.
Package textcomp Info: Setting ptmj sub-encoding to TS1/4 on input line 409.
)
(/usr/local/texlive/2019/texmf-dist/tex/latex/xcolor/xcolor.sty
Package: xcolor 2016/05/11 v2.12 LaTeX color extensions (UK)

(/usr/local/texlive/2019/texmf-dist/tex/latex/graphics-cfg/color.cfg
File: color.cfg 2016/01/02 v1.6 sample color configuration
)
Package xcolor Info: Driver file: pdftex.def on input line 225.
Package xcolor Info: Model `cmy' substituted by `cmy0' on input line 1348.
Package xcolor Info: Model `hsb' substituted by `rgb' on input line 1352.
Package xcolor Info: Model `RGB' extended on input line 1364.
Package xcolor Info: Model `HTML' substituted by `rgb' on input line 1366.
Package xcolor Info: Model `Hsb' substituted by `hsb' on input line 1367.
Package xcolor Info: Model `tHsb' substituted by `hsb' on input line 1368.
Package xcolor Info: Model `HSB' substituted by `hsb' on input line 1369.
Package xcolor Info: Model `Gray' substituted by `gray' on input line 1370.
Package xcolor Info: Model `wave' substituted by `hsb' on input line 1371.
)
(/usr/local/texlive/2019/texmf-dist/tex/latex/oberdiek/grffile.sty
Package: grffile 2017/06/30 v1.18 Extended file name support for graphics (HO)

(/usr/local/texlive/2019/texmf-dist/tex/generic/oberdiek/ifpdf.sty
Package: ifpdf 2018/09/07 v3.3 Provides the ifpdf switch
)
(/usr/local/texlive/2019/texmf-dist/tex/generic/ifxetex/ifxetex.sty
Package: ifxetex 2010/09/12 v0.6 Provides ifxetex conditional
)
(/usr/local/texlive/2019/texmf-dist/tex/latex/oberdiek/kvoptions.sty
Package: kvoptions 2016/05/16 v3.12 Key value format for package options (HO)

(/usr/local/texlive/2019/texmf-dist/tex/generic/oberdiek/ltxcmds.sty
Package: ltxcmds 2016/05/16 v1.23 LaTeX kernel commands for general use (HO)
)
(/usr/local/texlive/2019/texmf-dist/tex/generic/oberdiek/kvsetkeys.sty
Package: kvsetkeys 2016/05/16 v1.17 Key value parser (HO)

(/usr/local/texlive/2019/texmf-dist/tex/generic/oberdiek/infwarerr.sty
Package: infwarerr 2016/05/16 v1.4 Providing info/warning/error messages (HO)
)
(/usr/local/texlive/2019/texmf-dist/tex/generic/oberdiek/etexcmds.sty
Package: etexcmds 2016/05/16 v1.6 Avoid name clashes with e-TeX commands (HO)

(/usr/local/texlive/2019/texmf-dist/tex/generic/oberdiek/ifluatex.sty
Package: ifluatex 2016/05/16 v1.4 Provides the ifluatex switch (HO)
Package ifluatex Info: LuaTeX not detected.
))))
(/usr/local/texlive/2019/texmf-dist/tex/generic/oberdiek/pdftexcmds.sty
Package: pdftexcmds 2018/09/10 v0.29 Utility functions of pdfTeX for LuaTeX (HO
)
Package pdftexcmds Info: LuaTeX not detected.
Package pdftexcmds Info: \pdf@primitive is available.
Package pdftexcmds Info: \pdf@ifprimitive is available.
Package pdftexcmds Info: \pdfdraftmode found.
)
Package grffile Info: Option `multidot' is set to `true'.
Package grffile Info: Option `extendedchars' is set to `false'.
Package grffile Info: Option `space' is set to `true'.
Package grffile Info: \Gin@ii of package `graphicx' fixed on input line 494.
)
(./fact_finder.aux

LaTeX Warning: Label `tab1' multiply defined.


LaTeX Warning: Label `fig' multiply defined.


LaTeX Warning: Label `fig' multiply defined.


LaTeX Warning: Label `fig' multiply defined.


LaTeX Warning: Label `tab1' multiply defined.


LaTeX Warning: Label `fig' multiply defined.


LaTeX Warning: Label `fig' multiply defined.


LaTeX Warning: Label `fig' multiply defined.


LaTeX Warning: Label `fig' multiply defined.


LaTeX Warning: Label `fig' multiply defined.


LaTeX Warning: Label `fig' multiply defined.


LaTeX Warning: Label `fig' multiply defined.


LaTeX Warning: Label `fig' multiply defined.


LaTeX Warning: Label `fig' multiply defined.


LaTeX Warning: Label `fig' multiply defined.


LaTeX Warning: Label `fig' multiply defined.


LaTeX Warning: Label `fig' multiply defined.


LaTeX Warning: Label `fig' multiply defined.


LaTeX Warning: Label `fig' multiply defined.


LaTeX Warning: Label `fig' multiply defined.


LaTeX Warning: Label `fig' multiply defined.


LaTeX Warning: Label `fig' multiply defined.


LaTeX Warning: Label `fig' multiply defined.


LaTeX Warning: Label `fig' multiply defined.


LaTeX Warning: Label `fig' multiply defined.


LaTeX Warning: Label `fig' multiply defined.


LaTeX Warning: Label `fig' multiply defined.


LaTeX Warning: Label `tab2' multiply defined.


LaTeX Warning: Label `fig' multiply defined.


LaTeX Warning: Label `fig' multiply defined.


LaTeX Warning: Label `tab1' multiply defined.


LaTeX Warning: Label `tab1' multiply defined.


LaTeX Warning: Label `fig' multiply defined.


LaTeX Warning: Label `fig' multiply defined.


LaTeX Warning: Label `fig' multiply defined.


LaTeX Warning: Label `fig' multiply defined.


LaTeX Warning: Label `fig' multiply defined.


LaTeX Warning: Label `fig' multiply defined.


LaTeX Warning: Label `fig' multiply defined.


LaTeX Warning: Label `fig' multiply defined.


LaTeX Warning: Label `fig' multiply defined.


LaTeX Warning: Label `fig' multiply defined.


LaTeX Warning: Label `fig' multiply defined.


LaTeX Warning: Label `fig' multiply defined.


LaTeX Warning: Label `fig' multiply defined.


LaTeX Warning: Label `fig' multiply defined.


LaTeX Warning: Label `fig' multiply defined.


LaTeX Warning: Label `fig' multiply defined.


LaTeX Warning: Label `fig' multiply defined.


LaTeX Warning: Label `fig' multiply defined.


LaTeX Warning: Label `fig' multiply defined.


LaTeX Warning: Label `fig' multiply defined.


LaTeX Warning: Label `fig' multiply defined.


LaTeX Warning: Label `fig' multiply defined.


LaTeX Warning: Label `fig' multiply defined.


LaTeX Warning: Label `fig' multiply defined.


LaTeX Warning: Label `fig' multiply defined.

)
\openout1 = `fact_finder.aux'.

LaTeX Font Info:    Checking defaults for OML/cmm/m/it on input line 14.
LaTeX Font Info:    ... okay on input line 14.
LaTeX Font Info:    Checking defaults for T1/cmr/m/n on input line 14.
LaTeX Font Info:    ... okay on input line 14.
LaTeX Font Info:    Checking defaults for OT1/cmr/m/n on input line 14.
LaTeX Font Info:    ... okay on input line 14.
LaTeX Font Info:    Checking defaults for OMS/cmsy/m/n on input line 14.
LaTeX Font Info:    ... okay on input line 14.
LaTeX Font Info:    Checking defaults for OMX/cmex/m/n on input line 14.
LaTeX Font Info:    ... okay on input line 14.
LaTeX Font Info:    Checking defaults for U/cmr/m/n on input line 14.
LaTeX Font Info:    ... okay on input line 14.
LaTeX Font Info:    Checking defaults for TS1/cmr/m/n on input line 14.
LaTeX Font Info:    Try loading font information for TS1+cmr on input line 14.
 (/usr/local/texlive/2019/texmf-dist/tex/latex/base/ts1cmr.fd
File: ts1cmr.fd 2014/09/29 v2.5h Standard LaTeX font definitions
)
LaTeX Font Info:    ... okay on input line 14.

-- Lines per column: 56 (exact).
(/usr/local/texlive/2019/texmf-dist/tex/context/base/mkii/supp-pdf.mkii
[Loading MPS to PDF converter (version 2006.09.02).]
\scratchcounter=\count113
\scratchdimen=\dimen141
\scratchbox=\box33
\nofMPsegments=\count114
\nofMParguments=\count115
\everyMPshowfont=\toks23
\MPscratchCnt=\count116
\MPscratchDim=\dimen142
\MPnumerator=\count117
\makeMPintoPDFobject=\count118
\everyMPtoPDFconversion=\toks24
) (/usr/local/texlive/2019/texmf-dist/tex/latex/oberdiek/epstopdf-base.sty
Package: epstopdf-base 2016/05/15 v2.6 Base part for package epstopdf

(/usr/local/texlive/2019/texmf-dist/tex/latex/oberdiek/grfext.sty
Package: grfext 2016/05/16 v1.2 Manage graphics extensions (HO)

(/usr/local/texlive/2019/texmf-dist/tex/generic/oberdiek/kvdefinekeys.sty
Package: kvdefinekeys 2016/05/16 v1.4 Define keys (HO)
))
Package epstopdf-base Info: Redefining graphics rule for `.eps' on input line 4
38.
Package grfext Info: Graphics extension search list:
(grfext)             [.pdf,.png,.jpg,.mps,.jpeg,.jbig2,.jb2,.PDF,.PNG,.JPG,.JPE
G,.JBIG2,.JB2,.eps]
(grfext)             \AppendGraphicsExtensions on input line 456.

(/usr/local/texlive/2019/texmf-dist/tex/latex/latexconfig/epstopdf-sys.cfg
File: epstopdf-sys.cfg 2010/07/13 v1.3 Configuration of (r)epstopdf for TeX Liv
e
))
Underfull \hbox (badness 3690) in paragraph at lines 44--46
\OT1/ptm/b/n/9 per agenda, par-tic-i-pated politi-cians, his state-ments, and
 []


Underfull \hbox (badness 1377) in paragraph at lines 44--46
\OT1/ptm/b/n/9 search-ing key-words. Through this ser-vice, the pub-lic can
 []


Underfull \hbox (badness 10000) in paragraph at lines 44--46

 []


Underfull \hbox (badness 10000) in paragraph at lines 48--50
[]\OT1/ptm/b/it/9 Index Terms\OT1/ptm/b/n/9 ---Politician, Speech, Search-ing s
ys-tem,
 []


Underfull \hbox (badness 10000) in paragraph at lines 48--50
\OT1/ptm/b/n/9 As-sem-bly Min-utes, AI Speaker, Web ser-vice
 []


Underfull \hbox (badness 10000) in paragraph at lines 48--50

 []

LaTeX Font Info:    Try loading font information for U+msa on input line 56.
(/usr/local/texlive/2019/texmf-dist/tex/latex/amsfonts/umsa.fd
File: umsa.fd 2013/01/14 v3.01 AMS symbols A
)
LaTeX Font Info:    Try loading font information for U+msb on input line 56.

(/usr/local/texlive/2019/texmf-dist/tex/latex/amsfonts/umsb.fd
File: umsb.fd 2013/01/14 v3.01 AMS symbols B
)
Underfull \hbox (badness 10000) in paragraph at lines 64--64
[]|\OT1/ptm/m/n/8 Software
 []


Underfull \hbox (badness 10000) in paragraph at lines 64--64
[]|\OT1/ptm/m/n/8 Hyunho Kim
 []


Underfull \hbox (badness 5245) in paragraph at lines 79--79
[]|\OT1/ptm/m/n/8 Sangwon Kim
 []


Underfull \hbox (badness 3826) in paragraph at lines 79--80
\OT1/ptm/m/n/8 de-vel-oper to sat-isfy with whole
 []


Underfull \vbox (badness 4967) has occurred while \output is active []

 [1{/usr/local/texlive/2019/texmf-var/fonts/map/pdftex/updmap/pdftex.map}


]
Underfull \hbox (badness 10000) in paragraph at lines 119--120

 []


Underfull \vbox (badness 10000) has occurred while \output is active []

 [2]
Underfull \hbox (badness 10000) in paragraph at lines 122--125

 []


Underfull \hbox (badness 10000) in paragraph at lines 125--126

 []


Underfull \hbox (badness 10000) in paragraph at lines 126--127

 []


Underfull \hbox (badness 10000) in paragraph at lines 129--130

 []


Underfull \hbox (badness 1694) in paragraph at lines 132--134
[]\OT1/ptm/m/it/10 Basic com-po-nents re-sid-ing whole web-site: \OT1/ptm/m/n/1
0 It
 []


Underfull \hbox (badness 4832) in paragraph at lines 132--134
\OT1/ptm/m/n/10 con-sists of web-site's ba-sic com-po-nents like
 []


Underfull \hbox (badness 10000) in paragraph at lines 132--134

 []


Underfull \hbox (badness 10000) in paragraph at lines 134--135

 []


Underfull \hbox (badness 10000) in paragraph at lines 136--138

 []


Underfull \hbox (badness 10000) in paragraph at lines 141--143

 []


Underfull \hbox (badness 10000) in paragraph at lines 143--144

 []


Underfull \hbox (badness 4181) in paragraph at lines 144--145
[]\OT1/ptm/m/it/10 Looking up list of agen-das per spe-cific
 []


Underfull \hbox (badness 1668) in paragraph at lines 144--145
\OT1/ptm/m/it/10 as-sem-bly min-utes: \OT1/ptm/m/n/10 Users can view list of
 []


Underfull \hbox (badness 10000) in paragraph at lines 144--145

 []


Underfull \hbox (badness 10000) in paragraph at lines 145--146

 []


Underfull \hbox (badness 2035) in paragraph at lines 150--151
\OT1/ptm/m/n/10 of what meet-ing, what agenda the politi-cian
 []


Underfull \hbox (badness 10000) in paragraph at lines 150--151

 []


Underfull \hbox (badness 10000) in paragraph at lines 152--153

 []


Underfull \hbox (badness 10000) in paragraph at lines 154--155
\OT1/ptm/m/n/10 Users can search in-ter-est-ing key-words or
 []


Underfull \hbox (badness 10000) in paragraph at lines 154--155

 []


Underfull \hbox (badness 10000) in paragraph at lines 156--157

 []


Underfull \hbox (badness 10000) in paragraph at lines 158--159

 []


Underfull \hbox (badness 10000) in paragraph at lines 160--161

 []


Underfull \hbox (badness 10000) in paragraph at lines 165--166

 []


Underfull \hbox (badness 10000) in paragraph at lines 168--169

 []


Underfull \vbox (badness 2326) has occurred while \output is active []

 [3]
Underfull \hbox (badness 2245) in paragraph at lines 170--171
[]\OT1/ptm/m/it/10 Looking up real speech of the politi-cian in
 []


Underfull \hbox (badness 10000) in paragraph at lines 170--171

 []


Underfull \hbox (badness 10000) in paragraph at lines 172--173

 []


Underfull \hbox (badness 10000) in paragraph at lines 174--175

 []


Underfull \hbox (badness 10000) in paragraph at lines 176--177

 []


Underfull \vbox (badness 10000) has occurred while \output is active []

<fig/111.png, id=16, 796.9775pt x 387.4475pt>
File: fig/111.png Graphic file (type png)
<use fig/111.png>
Package pdftex.def Info: fig/111.png  used on input line 191.
(pdftex.def)             Requested size: 398.48776pt x 193.72327pt.

Underfull \hbox (badness 10000) in paragraph at lines 195--198

 []


Underfull \hbox (badness 10000) in paragraph at lines 195--198

 []

<fig/gov_track.jpg, id=18, 1204.5pt x 557.08125pt>
File: fig/gov_track.jpg Graphic file (type jpg)
<use fig/gov_track.jpg>
Package pdftex.def Info: fig/gov_track.jpg  used on input line 201.
(pdftex.def)             Requested size: 602.24854pt x 278.53995pt.
[4 <./fig/111.png> <./fig/gov_track.jpg>]
<fig/sunlight_foundation.png, id=23, 586.19pt x 182.6825pt>
File: fig/sunlight_foundation.png Graphic file (type png)
<use fig/sunlight_foundation.png>
Package pdftex.def Info: fig/sunlight_foundation.png  used on input line 212.
(pdftex.def)             Requested size: 293.09428pt x 91.34102pt.
<fig/brigade_media.jpg, id=24, 448.67625pt x 223.83624pt>
File: fig/brigade_media.jpg Graphic file (type jpg)
<use fig/brigade_media.jpg>
Package pdftex.def Info: fig/brigade_media.jpg  used on input line 222.
(pdftex.def)             Requested size: 224.33757pt x 111.91785pt.

Underfull \hbox (badness 10000) in paragraph at lines 226--228

 []


Underfull \vbox (badness 10000) has occurred while \output is active []

 [5 <./fig/sunlight_foundation.png> <./fig/brigade_media.jpg>]
Underfull \hbox (badness 10000) in paragraph at lines 237--240
\OT1/ptm/m/n/10 cus-tomiz-able, resource-friendly than Win-dows
 []


Underfull \hbox (badness 8056) in paragraph at lines 237--240
\OT1/ptm/m/n/10 plat-form.) Fur-ther-more, Linux com-mand line is
 []


Underfull \hbox (badness 2343) in paragraph at lines 237--240
\OT1/ptm/m/n/10 with a var-i-ous com-mand makes our de-vel-op-ment
 []


Underfull \hbox (badness 1527) in paragraph at lines 237--240
\OT1/ptm/m/n/10 pro-cess easy. In ad-di-tion, our team go-ing to use
 []


Underfull \hbox (badness 10000) in paragraph at lines 237--240

 []


Underfull \hbox (badness 10000) in paragraph at lines 243--245
\OT1/ptm/m/n/10 The Python Pack-age In-dex(PyPI) con-tains
 []


Underfull \hbox (badness 10000) in paragraph at lines 243--245

 []


Underfull \hbox (badness 7558) in paragraph at lines 246--248
\OT1/ptm/m/n/10 also en-ables the de-vel-oper to cre-ate high
 []


Underfull \hbox (badness 3895) in paragraph at lines 246--248
\OT1/ptm/m/n/10 pro-cess. Spring also pro-vides a light-weight
 []


Underfull \hbox (badness 10000) in paragraph at lines 246--248

 []


Underfull \hbox (badness 4303) in paragraph at lines 249--251
\OT1/ptm/m/n/10 Vue.js, a Javascript frame-work with var-i-ous
 []


Underfull \hbox (badness 10000) in paragraph at lines 249--251
\OT1/ptm/m/n/10 op-tional tools for build-ing user in-ter-faces,
 []


Underfull \hbox (badness 5667) in paragraph at lines 249--251
\OT1/ptm/m/n/10 is widely used across the world for web
 []


Underfull \hbox (badness 2547) in paragraph at lines 249--251
\OT1/ptm/m/n/10 de-vel-op-ment. One of the great-est ad-van-tages
 []


Underfull \hbox (badness 1789) in paragraph at lines 249--251
\OT1/ptm/m/n/10 time to down-load. Also, it is quite easy to
 []


Underfull \hbox (badness 1796) in paragraph at lines 249--251
\OT1/ptm/m/n/10 un-der-stand. In sim-ple web struc-ture like our
 []


Underfull \hbox (badness 10000) in paragraph at lines 249--251

 []


Underfull \hbox (badness 3108) in paragraph at lines 252--254
\OT1/ptm/m/n/10 pur-chas-ing soft-ware or its li-cense and does
 []


Underfull \hbox (badness 10000) in paragraph at lines 252--254

 []


Underfull \hbox (badness 10000) in paragraph at lines 255--257

 []


Underfull \vbox (badness 10000) has occurred while \output is active []

 [6]
Overfull \hbox (1.3255pt too wide) in paragraph at lines 268--269
[]|\OT1/ptm/b/n/8 Cost| 
 []

<fig/git.png, id=32, 1606.0pt x 670.505pt>
File: fig/git.png Graphic file (type png)
<use fig/git.png>
Package pdftex.def Info: fig/git.png  used on input line 306.
(pdftex.def)             Requested size: 802.99805pt x 335.25168pt.

Underfull \hbox (badness 10000) in paragraph at lines 304--311

 []


Underfull \vbox (badness 10000) has occurred while \output is active []

<fig/github.png, id=33, 798.985pt x 419.5675pt>
File: fig/github.png Graphic file (type png)
<use fig/github.png>
Package pdftex.def Info: fig/github.png  used on input line 316.
(pdftex.def)             Requested size: 399.49152pt x 209.78323pt.

Underfull \hbox (badness 10000) in paragraph at lines 314--321

 []

<fig/aws.png, id=34, 1204.5pt x 632.3625pt>
File: fig/aws.png Graphic file (type png)
<use fig/aws.png>
Package pdftex.def Info: fig/aws.png  used on input line 323.
(pdftex.def)             Requested size: 602.24854pt x 316.18048pt.

Underfull \hbox (badness 1571) in paragraph at lines 321--328
\OT1/ptm/m/n/10 AWS pro-vides var-i-ous in-fras-truc-tures and gath-ered
 []


Underfull \hbox (badness 10000) in paragraph at lines 321--328

 []

[7 <./fig/git.png> <./fig/github.png> <./fig/aws.png>]
<fig/sublime.png, id=42, 513.92pt x 513.92pt>
File: fig/sublime.png Graphic file (type png)
<use fig/sublime.png>
Package pdftex.def Info: fig/sublime.png  used on input line 330.
(pdftex.def)             Requested size: 256.95937pt x 256.95937pt.

Underfull \hbox (badness 10000) in paragraph at lines 328--335

 []

<fig/slack.png, id=43, 803.0pt x 602.25pt>
File: fig/slack.png Graphic file (type png)
<use fig/slack.png>
Package pdftex.def Info: fig/slack.png  used on input line 337.
(pdftex.def)             Requested size: 401.49902pt x 301.12425pt.

Underfull \hbox (badness 1762) in paragraph at lines 335--342
\OT1/ptm/m/n/10 many In-ter-net Re-lay Chat(IRC) fea-tures, in-clud-ing
 []


Underfull \hbox (badness 10000) in paragraph at lines 335--342

 []

<fig/latex.png, id=44, 1401.73688pt x 671.50874pt>
File: fig/latex.png Graphic file (type png)
<use fig/latex.png>
Package pdftex.def Info: fig/latex.png  used on input line 344.
(pdftex.def)             Requested size: 700.86673pt x 335.75356pt.

Underfull \hbox (badness 2005) in paragraph at lines 342--349
\OT1/ptm/m/n/10 markup tag-ging con-ven-tions to de-fine the gen-eral
 []


Underfull \hbox (badness 10000) in paragraph at lines 342--349

 []

<fig/google.jpg, id=45, 319.1925pt x 159.59625pt>
File: fig/google.jpg Graphic file (type jpg)
<use fig/google.jpg>
Package pdftex.def Info: fig/google.jpg  used on input line 351.
(pdftex.def)             Requested size: 159.59586pt x 79.79791pt.

Underfull \hbox (badness 10000) in paragraph at lines 349--356

 []

<fig/balsamiq.png, id=46, 225.84375pt x 225.84375pt>
File: fig/balsamiq.png Graphic file (type png)
<use fig/balsamiq.png>
Package pdftex.def Info: fig/balsamiq.png  used on input line 361.
(pdftex.def)             Requested size: 112.92159pt x 112.92159pt.

Underfull \hbox (badness 1546) in paragraph at lines 359--366
\OT1/ptm/m/n/10 struc-ture and con-tent, avoid-ing lengthy dis-cus-sions
 []


Underfull \hbox (badness 10000) in paragraph at lines 359--366

 []

[8 <./fig/sublime.png> <./fig/slack.png> <./fig/latex.png> <./fig/google.jpg>]
<fig/virtual_box.jpg, id=53, 297.11pt x 171.64125pt>
File: fig/virtual_box.jpg Graphic file (type jpg)
<use fig/virtual_box.jpg>
Package pdftex.def Info: fig/virtual_box.jpg  used on input line 368.
(pdftex.def)             Requested size: 148.55463pt x 85.8204pt.

Underfull \hbox (badness 10000) in paragraph at lines 366--373

 []

<fig/jdk.png, id=54, 475.7775pt x 271.0125pt>
File: fig/jdk.png Graphic file (type png)
<use fig/jdk.png>
Package pdftex.def Info: fig/jdk.png  used on input line 375.
(pdftex.def)             Requested size: 237.88815pt x 135.5059pt.

Underfull \hbox (badness 2846) in paragraph at lines 373--380
\OT1/ptm/m/n/10 com-posed with Java Vir-tual Ma-chine(JVM) along
 []


Underfull \hbox (badness 10000) in paragraph at lines 373--380

 []

<fig/eclipse.png, id=55, 803.0pt x 188.705pt>
File: fig/eclipse.png Graphic file (type png)
<use fig/eclipse.png>
Package pdftex.def Info: fig/eclipse.png  used on input line 382.
(pdftex.def)             Requested size: 401.49902pt x 94.35226pt.

Underfull \hbox (badness 10000) in paragraph at lines 380--387

 []


Underfull \vbox (badness 10000) has occurred while \output is active []

 [9 <./fig/balsamiq.png> <./fig/virtual_box.jpg> <./fig/jdk.png> <./fig/eclipse
.png>]
<fig/vscode.png, id=62, 481.8pt x 240.9pt>
File: fig/vscode.png Graphic file (type png)
<use fig/vscode.png>
Package pdftex.def Info: fig/vscode.png  used on input line 392.
(pdftex.def)             Requested size: 240.8994pt x 120.44969pt.

Underfull \hbox (badness 1430) in paragraph at lines 390--397
\OT1/ptm/m/n/10 by Mi-crosoft for Win-dows, Linux and ma-cOS. It
 []


Underfull \hbox (badness 4291) in paragraph at lines 390--397
\OT1/ptm/m/n/10 and GitHub, syn-tax high-light-ing, in-tel-li-gent code
 []


Underfull \hbox (badness 10000) in paragraph at lines 390--397

 []

<fig/elasticsearch.png, id=63, 361.35pt x 79.29625pt>
File: fig/elasticsearch.png Graphic file (type png)
<use fig/elasticsearch.png>
Package pdftex.def Info: fig/elasticsearch.png  used on input line 402.
(pdftex.def)             Requested size: 180.67456pt x 39.64801pt.

Underfull \hbox (badness 3271) in paragraph at lines 400--407
\OT1/ptm/m/n/10 model, parts of the soft-ware are li-censed un-der
 []


Underfull \hbox (badness 2478) in paragraph at lines 400--407
\OT1/ptm/m/n/10 var-i-ous open-source li-censes. Elas-tic-search can be
 []


Underfull \hbox (badness 10000) in paragraph at lines 400--407

 []


Underfull \hbox (badness 10000) in paragraph at lines 438--440

 []


Underfull \hbox (badness 10000) in paragraph at lines 443--444

 []

<fig/1.png, id=64, 925.4575pt x 708.6475pt>
File: fig/1.png Graphic file (type png)
<use fig/1.png>
Package pdftex.def Info: fig/1.png  used on input line 447.
(pdftex.def)             Requested size: 462.72762pt x 354.32289pt.
<fig/2.png, id=65, 1001.7425pt x 766.865pt>
File: fig/2.png Graphic file (type png)
<use fig/2.png>
Package pdftex.def Info: fig/2.png  used on input line 454.
(pdftex.def)             Requested size: 500.87003pt x 383.43156pt.

Underfull \hbox (badness 1675) in paragraph at lines 451--458
\OT1/ptm/m/n/10 cer-ti-fi-ca-tion num-ber to un-lock their ac-counts.
 []


Underfull \hbox (badness 3679) in paragraph at lines 451--458
\OT1/ptm/m/n/10 they can press \look-ing around but-ton". In
 []


Underfull \hbox (badness 10000) in paragraph at lines 451--458

 []

[10 <./fig/vscode.png> <./fig/elasticsearch.png> <./fig/1.png>]
Underfull \hbox (badness 5533) in paragraph at lines 459--460
[]\OT1/ptm/m/it/10 sign-up: \OT1/ptm/m/n/10 This page re-quires user to users'
 []


Underfull \hbox (badness 3240) in paragraph at lines 459--460
\OT1/ptm/m/n/10 ser-vice with-out our \sub-scrib-ing func-tion of
 []


Underfull \hbox (badness 10000) in paragraph at lines 459--460

 []


Underfull \hbox (badness 1603) in paragraph at lines 460--461
\OT1/ptm/m/n/10 this page. Through the in-for-ma-tion saved on
 []


Underfull \hbox (badness 2913) in paragraph at lines 460--461
\OT1/ptm/m/n/10 send-ing cer-ti-fi-ca-tion num-ber to their E-mail,
 []


Underfull \hbox (badness 10000) in paragraph at lines 460--461

 []


Underfull \hbox (badness 10000) in paragraph at lines 465--466

 []


Underfull \hbox (badness 1694) in paragraph at lines 468--470
[]\OT1/ptm/m/it/10 Basic com-po-nents re-sid-ing whole web-site: \OT1/ptm/m/n/1
0 It
 []


Underfull \hbox (badness 4832) in paragraph at lines 468--470
\OT1/ptm/m/n/10 con-sists of web-site's ba-sic com-po-nents like
 []


Underfull \hbox (badness 10000) in paragraph at lines 468--470

 []


Underfull \hbox (badness 2744) in paragraph at lines 470--471
\OT1/ptm/m/n/10 of as-sem-bly min-utes, 2. Look-ing up list
 []


Underfull \hbox (badness 1558) in paragraph at lines 470--471
\OT1/ptm/m/n/10 of agen-das per spe-cific as-sem-bly min-utes,
 []


Underfull \hbox (badness 2181) in paragraph at lines 470--471
\OT1/ptm/m/n/10 5. Look-ing up func-tion about sub-scrib-ing
 []


Underfull \hbox (badness 10000) in paragraph at lines 470--471

 []


Underfull \hbox (badness 10000) in paragraph at lines 472--474

 []


Underfull \hbox (badness 10000) in paragraph at lines 478--480

 []

<fig/3.png, id=72, 914.41624pt x 698.61pt>
File: fig/3.png Graphic file (type png)
<use fig/3.png>
Package pdftex.def Info: fig/3.png  used on input line 484.
(pdftex.def)             Requested size: 457.207pt x 349.30414pt.
[11 <./fig/2.png>]
Underfull \hbox (badness 2452) in paragraph at lines 488--489
\OT1/ptm/m/n/10 list that is clas-si-fied pe-ri-od-i-cally in-cludes
 []


Underfull \hbox (badness 2922) in paragraph at lines 488--489
\OT1/ptm/m/n/10 monthly, weekly, and cer-tain time pe-riod
 []


Underfull \hbox (badness 1515) in paragraph at lines 488--489
\OT1/ptm/m/n/10 by kinds of min-utes. The kinds are like,
 []


Underfull \hbox (badness 10000) in paragraph at lines 488--489

 []

<fig/4.png, id=77, 1043.9pt x 794.97pt>
File: fig/4.png Graphic file (type png)
<use fig/4.png>
Package pdftex.def Info: fig/4.png  used on input line 491.
(pdftex.def)             Requested size: 521.94872pt x 397.48402pt.

Underfull \hbox (badness 4181) in paragraph at lines 496--497
[]\OT1/ptm/m/it/10 Looking up list of agen-das per spe-cific
 []


Underfull \hbox (badness 10000) in paragraph at lines 496--497

 []

<fig/5.png, id=78, 1040.88875pt x 794.97pt>
File: fig/5.png Graphic file (type png)
<use fig/5.png>
Package pdftex.def Info: fig/5.png  used on input line 499.
(pdftex.def)             Requested size: 520.4431pt x 397.48402pt.

Underfull \hbox (badness 10000) in paragraph at lines 504--505

 []

<fig/6.png, id=79, 913.4125pt x 700.6175pt>
File: fig/6.png Graphic file (type png)
<use fig/6.png>
Package pdftex.def Info: fig/6.png  used on input line 509.
(pdftex.def)             Requested size: 456.70514pt x 350.30789pt.

Underfull \hbox (badness 10000) in paragraph at lines 514--516

 []

[12 <./fig/3.png> <./fig/4.png> <./fig/5.png>]
Underfull \hbox (badness 10000) in paragraph at lines 517--518

 []


Underfull \hbox (badness 10000) in paragraph at lines 518--519
[]\OT1/ptm/m/it/10 Subscribing func-tion about in-ter-est-ing
 []


Underfull \hbox (badness 10000) in paragraph at lines 518--519

 []

<fig/7.png, id=86, 990.70125pt x 753.81625pt>
File: fig/7.png Graphic file (type png)
<use fig/7.png>
Package pdftex.def Info: fig/7.png  used on input line 523.
(pdftex.def)             Requested size: 495.34941pt x 376.90721pt.

Underfull \hbox (badness 10000) in paragraph at lines 528--530

 []


Underfull \hbox (badness 2293) in paragraph at lines 531--532
[] \OT1/ptm/m/n/10 If user se-lected or searched to spe-cific
 []


Underfull \hbox (badness 7832) in paragraph at lines 531--532
\OT1/ptm/m/n/10 page, User can see spe-cific politi-cian's
 []


Underfull \hbox (badness 1590) in paragraph at lines 531--532
\OT1/ptm/m/n/10 are sep-a-rated with num-bers like `speech1,
 []


Underfull \hbox (badness 10000) in paragraph at lines 531--532

 []


Underfull \hbox (badness 10000) in paragraph at lines 532--533
[]\OT1/ptm/m/it/10 Subscribing func-tion about in-ter-est-ing
 []


Underfull \hbox (badness 10000) in paragraph at lines 532--533

 []

<fig/8.png, id=87, 950.55125pt x 727.71875pt>
File: fig/8.png Graphic file (type png)
<use fig/8.png>
Package pdftex.def Info: fig/8.png  used on input line 537.
(pdftex.def)             Requested size: 475.27446pt x 363.85847pt.

Underfull \hbox (badness 3029) in paragraph at lines 541--542
\OT1/ptm/m/n/10 In this page, user can cus-tomize this page
 []


Underfull \hbox (badness 10000) in paragraph at lines 541--542
\OT1/ptm/m/n/10 by sub-scrib-ing spe-cific politi-cians func-tions
 []


Underfull \hbox (badness 6173) in paragraph at lines 541--542
\OT1/ptm/m/n/10 im-ple-mented above. They can choose their
 []


Underfull \hbox (badness 10000) in paragraph at lines 541--542

 []

[13 <./fig/6.png> <./fig/7.png>]
<fig/9.png, id=94, 939.51pt x 718.685pt>
File: fig/9.png Graphic file (type png)
<use fig/9.png>
Package pdftex.def Info: fig/9.png  used on input line 544.
(pdftex.def)             Requested size: 469.75385pt x 359.34161pt.

Underfull \hbox (badness 10000) in paragraph at lines 548--549

 []


Overfull \hbox (29.27477pt too wide) in paragraph at lines 559--581
 [] 
 []


Underfull \hbox (badness 10000) in paragraph at lines 585--586

 []


Underfull \hbox (badness 2245) in paragraph at lines 586--587
[]\OT1/ptm/m/it/10 Looking up real speech of the politi-cian in
 []


Underfull \hbox (badness 10000) in paragraph at lines 586--587

 []


Underfull \hbox (badness 10000) in paragraph at lines 587--588

 []


Underfull \hbox (badness 1824) in paragraph at lines 588--589
\OT1/ptm/m/n/10 Users can sub-scribe to in-ter-est-ing politi-cians.
 []


Underfull \hbox (badness 10000) in paragraph at lines 588--589

 []


Underfull \hbox (badness 2318) in paragraph at lines 589--590
\OT1/ptm/m/n/10 If the user delete spe-cific politi-cian, this is
 []


Underfull \hbox (badness 10000) in paragraph at lines 589--590

 []

[14 <./fig/8.png> <./fig/9.png>]
Underfull \hbox (badness 2538) in paragraph at lines 596--599
\OT1/ptm/m/n/10 ad-van-tages be-cause REST uses ba-sic pre-ex-is-tence web
 []


Underfull \hbox (badness 10000) in paragraph at lines 596--599

 []


Underfull \hbox (badness 2042) in paragraph at lines 599--601
[]\OT1/ptm/m/it/10 Frontend: \OT1/ptm/m/n/10 First mod-ule is front-end. Throug
h our
 []


Underfull \hbox (badness 10000) in paragraph at lines 599--601

 []


Underfull \hbox (badness 10000) in paragraph at lines 601--602

 []


Underfull \hbox (badness 5374) in paragraph at lines 602--603
[]\OT1/ptm/m/it/10 NUGU speaker: \OT1/ptm/m/n/10 Sec-ond is NUGU speaker.
 []


Underfull \hbox (badness 3019) in paragraph at lines 602--603
\OT1/ptm/m/n/10 Through this speaker, user can be pro-vided
 []


Underfull \hbox (badness 2111) in paragraph at lines 602--603
\OT1/ptm/m/n/10 our func-tion: Search-ing par-tic-i-pated meet-ings,
 []


Underfull \hbox (badness 10000) in paragraph at lines 602--603

 []


Underfull \hbox (badness 10000) in paragraph at lines 604--605

 []


Underfull \hbox (badness 1558) in paragraph at lines 605--606
[]\OT1/ptm/m/it/10 Database: \OT1/ptm/m/n/10 Third mod-ule is DB. Database can 
be
 []


Underfull \hbox (badness 10000) in paragraph at lines 605--606

 []


Underfull \hbox (badness 10000) in paragraph at lines 606--607

 []

<fig/6_1.png, id=100, 805.5696pt x 446.6286pt>
File: fig/6_1.png Graphic file (type png)
<use fig/6_1.png>
Package pdftex.def Info: fig/6_1.png  used on input line 612.
(pdftex.def)             Requested size: 402.78381pt x 223.31375pt.
<fig/6_2.png, id=101, 392.1852pt x 452.4102pt>
File: fig/6_2.png Graphic file (type png)
<use fig/6_2.png>
Package pdftex.def Info: fig/6_2.png  used on input line 618.
(pdftex.def)             Requested size: 313.74858pt x 361.92865pt.

Underfull \hbox (badness 10000) in paragraph at lines 624--625
[]\OT1/ptm/m/n/10 Our di-rec-tory or-ga-ni-za-tion is com-prised of
 []


Underfull \hbox (badness 10000) in paragraph at lines 624--625
\OT1/ptm/m/n/10 three part: Parser, Web-frontend, Back-end. These
 []


Underfull \hbox (badness 10000) in paragraph at lines 624--625
\OT1/ptm/m/n/10 di-rec-tory is up-loaded in our github ad-dress,
 []


Underfull \hbox (badness 10000) in paragraph at lines 632--633
[]|\OT1/ptm/b/n/8 Module
 []


Overfull \hbox (5.73935pt too wide) in paragraph at lines 634--634
[]|\OT1/ptm/m/n/8 /data[]preprocessor[]unit| 
 []


Overfull \hbox (12.53183pt too wide) in paragraph at lines 635--635
[]|\OT1/ptm/m/n/8 congress[]member[]list[]preprocessor.py| 
 []


Underfull \hbox (badness 3428) in paragraph at lines 681--681
[]|\OT1/ptm/m/n/8 frontend/pages/ Uni-
 []


Overfull \hbox (4.6861pt too wide) in paragraph at lines 630--694
 [] 
 []


LaTeX Warning: Float too large for page by 10.0993pt on input line 695.


Underfull \hbox (badness 10000) in paragraph at lines 710--710
[]|\OT1/ptm/m/n/8 m2e-wtp/web-resources/META-
 []


Underfull \hbox (badness 10000) in paragraph at lines 721--721
[]|\OT1/ptm/m/n/8 backend/src/main/
 []


Overfull \hbox (5.5153pt too wide) in paragraph at lines 725--725
\OT1/ptm/m/n/8 org/factfinder/controller| 
 []


Overfull \hbox (2.63522pt too wide) in paragraph at lines 729--729
[]|\OT1/ptm/m/n/8 backend/src/main/java/
 []


Overfull \hbox (2.63522pt too wide) in paragraph at lines 732--732
[]|\OT1/ptm/m/n/8 backend/src/main/java/
 []


Underfull \hbox (badness 10000) in paragraph at lines 735--735
[]|\OT1/ptm/m/n/8 backend/src/main/
 []


Overfull \hbox (4.87244pt too wide) in paragraph at lines 741--742
[]|\OT1/ptm/m/n/8 documentation| 
 []


Overfull \hbox (4.68608pt too wide) in paragraph at lines 700--746
 [] 
 []

<fig/overall.png, id=102, 416.757pt x 413.74574pt>
File: fig/overall.png Graphic file (type png)
<use fig/overall.png>
Package pdftex.def Info: fig/overall.png  used on input line 751.
(pdftex.def)             Requested size: 208.37799pt x 206.87236pt.
<fig/6_4.png, id=103, 416.2752pt x 283.7802pt>
File: fig/6_4.png Graphic file (type png)
<use fig/6_4.png>
Package pdftex.def Info: fig/6_4.png  used on input line 761.
(pdftex.def)             Requested size: 208.13708pt x 141.88974pt.
<fig/6_5.png, id=104, 457.71pt x 457.10776pt>
File: fig/6_5.png Graphic file (type png)
<use fig/6_5.png>
Package pdftex.def Info: fig/6_5.png  used on input line 768.
(pdftex.def)             Requested size: 228.85445pt x 228.55331pt.

Underfull \hbox (badness 10000) in paragraph at lines 774--778

 []

[15 <./fig/6_1.png> <./fig/6_2.png>] [16 <./fig/overall.png>]
Underfull \hbox (badness 10000) in paragraph at lines 785--786
[]\OT1/ptm/m/it/10 Reusing codes through com-po-nents.:
 []


Underfull \hbox (badness 1389) in paragraph at lines 785--786
\OT1/ptm/m/n/10 Com-po-nents means the block that can be
 []


Underfull \hbox (badness 1521) in paragraph at lines 785--786
\OT1/ptm/m/n/10 com-po-nents, the de-vel-op-ers can im-ple-ment
 []


Underfull \hbox (badness 10000) in paragraph at lines 785--786
\OT1/ptm/m/n/10 the com-po-nents is im-por-tant in Vue.js
 []


Underfull \hbox (badness 4779) in paragraph at lines 785--786
\OT1/ptm/m/n/10 Frame-work and the way of cre-ation of
 []


Underfull \hbox (badness 2409) in paragraph at lines 785--786
\OT1/ptm/m/n/10 com-po-nents de-ter-mines Vue.js's de-vel-op-ing
 []


Underfull \hbox (badness 10000) in paragraph at lines 785--786

 []


Underfull \vbox (badness 6396) has occurred while \output is active []

 [17 <./fig/6_4.png> <./fig/6_5.png>]
Underfull \hbox (badness 4886) in paragraph at lines 790--791
[]\OT1/ptm/m/it/10 The UI ren-der-ing makes ab-strac-tions of
 []


Underfull \hbox (badness 1735) in paragraph at lines 790--791
\OT1/ptm/m/it/10 client/server dis-tri-bu-tion. Just by in-stalling
 []


Underfull \hbox (badness 10000) in paragraph at lines 791--792

 []


Underfull \hbox (badness 10000) in paragraph at lines 795--796
[]\OT1/ptm/m/it/10 Location of Source Code:  \OT1/ptm/m/n/10 soft-ware en-gi-ne
er-
 []


Underfull \hbox (badness 10000) in paragraph at lines 795--796

 []


Underfull \hbox (badness 10000) in paragraph at lines 799--800

 []


Underfull \hbox (badness 1817) in paragraph at lines 800--801
\OT1/ptm/m/n/10 makes and set up the projects au-to-mat-i-cally.
 []


Underfull \hbox (badness 1383) in paragraph at lines 800--801
\OT1/ptm/m/n/10 It gath-ers Web-pack, the pack-age that gath-ers
 []


Underfull \hbox (badness 10000) in paragraph at lines 800--801

 []


Underfull \hbox (badness 10000) in paragraph at lines 801--802

 []


Underfull \hbox (badness 5592) in paragraph at lines 803--804
[]\OT1/ptm/m/it/10 Where it is taken from:  \OT1/ptm/m/n/10 Vue.js is de-vel-op
ed
 []


Underfull \hbox (badness 5316) in paragraph at lines 803--804
\OT1/ptm/m/n/10 by Evan You, who used An-gu-larJS in var-i-ous
 []


Underfull \hbox (badness 10000) in paragraph at lines 803--804

 []


Underfull \hbox (badness 2961) in paragraph at lines 804--805
\OT1/ptm/m/n/10 pro-duc-tiv-ity of Vue.js tech-nique. We uses Vue.js
 []


Underfull \hbox (badness 2012) in paragraph at lines 804--805
\OT1/ptm/m/n/10 Our cur-rent project have to im-ple-ment four core
 []


Underfull \hbox (badness 2103) in paragraph at lines 804--805
\OT1/ptm/m/n/10 func-tions and NUGU speaker func-tion. Our team
 []


Underfull \hbox (badness 10000) in paragraph at lines 804--805

 []

<fig/6_7.png, id=119, 492.03825pt x 331.83975pt>
File: fig/6_7.png Graphic file (type png)
<use fig/6_7.png>
Package pdftex.def Info: fig/6_7.png  used on input line 810.
(pdftex.def)             Requested size: 246.01852pt x 165.91946pt.

Underfull \hbox (badness 10000) in paragraph at lines 817--818

 []

[18 <./fig/6_7.png>]
Underfull \hbox (badness 10000) in paragraph at lines 822--823

 []


Underfull \hbox (badness 10000) in paragraph at lines 825--826

 []


Underfull \hbox (badness 10000) in paragraph at lines 834--835

 []


Underfull \hbox (badness 10000) in paragraph at lines 851--852

 []


Underfull \hbox (badness 1590) in paragraph at lines 852--854
\OT1/ptm/m/n/10 front-end ser-vice) to the client(SKT), and if they
 []


Underfull \hbox (badness 10000) in paragraph at lines 852--854

 []

[19]
<fig/6_6.png, id=128, 309.7974pt x 277.9986pt>
File: fig/6_6.png Graphic file (type png)
<use fig/6_6.png>
Package pdftex.def Info: fig/6_6.png  used on input line 860.
(pdftex.def)             Requested size: 154.89832pt x 138.99895pt.
<fig/backend1.png, id=129, 366.77025pt x 414.95026pt>
File: fig/backend1.png Graphic file (type png)
<use fig/backend1.png>
Package pdftex.def Info: fig/backend1.png  used on input line 867.
(pdftex.def)             Requested size: 183.38467pt x 207.47461pt.
<fig/backend2.png, id=130, 387.24675pt x 387.849pt>
File: fig/backend2.png Graphic file (type png)
<use fig/backend2.png>
Package pdftex.def Info: fig/backend2.png  used on input line 873.
(pdftex.def)             Requested size: 193.6229pt x 193.92401pt.

Underfull \vbox (badness 10000) has occurred while \output is active []


Underfull \hbox (badness 10000) in paragraph at lines 882--885

 []


Underfull \vbox (badness 3919) has occurred while \output is active []

 [20

 <./fig/6_6.png> <./fig/backend1.png> <./fig/backend2.png>]
Underfull \hbox (badness 10000) in paragraph at lines 897--898

 []


Underfull \hbox (badness 10000) in paragraph at lines 907--909

 []


Underfull \hbox (badness 10000) in paragraph at lines 916--918

 []


Underfull \hbox (badness 2334) in paragraph at lines 922--923
\OT1/ptm/m/n/10 into our project for our pur-pose. We build API
 []


Underfull \hbox (badness 10000) in paragraph at lines 922--923

 []


Underfull \hbox (badness 10000) in paragraph at lines 923--924

 []

[21]
<fig/6_8.png, id=140, 370.0224pt x 356.0502pt>
File: fig/6_8.png Graphic file (type png)
<use fig/6_8.png>
Package pdftex.def Info: fig/6_8.png  used on input line 930.
(pdftex.def)             Requested size: 185.01074pt x 178.02466pt.

Underfull \hbox (badness 10000) in paragraph at lines 937--938

 []


Underfull \hbox (badness 10000) in paragraph at lines 943--944
[]\OT1/ptm/m/it/10 Multi-tenancy: \OT1/ptm/m/n/10 Elas-tic-search sup-port mult
i-
 []


Underfull \hbox (badness 10000) in paragraph at lines 951--952

 []


Underfull \hbox (badness 10000) in paragraph at lines 958--960

 []


Underfull \hbox (badness 10000) in paragraph at lines 971--973

 []


Underfull \hbox (badness 1655) in paragraph at lines 978--979
[]\OT1/ptm/m/it/10 Where it is taken from:  \OT1/ptm/m/n/10 This soft-ware is m
ade
 []


Underfull \hbox (badness 2443) in paragraph at lines 978--979
\OT1/ptm/m/n/10 founded in 2012 in Am-s-ter-dam, the Nether-lands,
 []


Underfull \hbox (badness 3240) in paragraph at lines 978--979
\OT1/ptm/m/n/10 and was pre-vi-ously known as Elas-tic-search. The
 []


Underfull \hbox (badness 4505) in paragraph at lines 978--979
\OT1/ptm/m/n/10 source code of Elas-tic-search can be viewed in
 []


Underfull \hbox (badness 10000) in paragraph at lines 978--979

 []

[22

 <./fig/6_8.png>]
Underfull \hbox (badness 10000) in paragraph at lines 980--981

 []

<fig/6_9.png, id=145, 564.6696pt x 338.2236pt>
File: fig/6_9.png Graphic file (type png)
<use fig/6_9.png>
Package pdftex.def Info: fig/6_9.png  used on input line 990.
(pdftex.def)             Requested size: 282.3341pt x 169.11139pt.
<fig/6_10.png, id=146, 181.8795pt x 146.949pt>
File: fig/6_10.png Graphic file (type png)
<use fig/6_10.png>
Package pdftex.def Info: fig/6_10.png  used on input line 996.
(pdftex.def)             Requested size: 90.93951pt x 73.47432pt.

Underfull \hbox (badness 10000) in paragraph at lines 1003--1004

 []


Underfull \hbox (badness 10000) in paragraph at lines 1007--1008

 []


Underfull \hbox (badness 1983) in paragraph at lines 1023--1024
[]\OT1/ptm/m/it/10 Where it is taken from:  \OT1/ptm/m/n/10 Be-cause of its uni
que
 []


Underfull \hbox (badness 10000) in paragraph at lines 1023--1024

 []


Underfull \hbox (badness 1442) in paragraph at lines 1025--1026
\OT1/ptm/m/n/10 be con-verted fur-ther to be up-graded by crawlling
 []


Underfull \hbox (badness 10000) in paragraph at lines 1025--1026

 []


Underfull \vbox (badness 6396) has occurred while \output is active []

 [23 <./fig/6_9.png> <./fig/6_10.png>]
Underfull \vbox (badness 10000) has occurred while \output is active []


Underfull \hbox (badness 10000) in paragraph at lines 1035--1037

 []

<fig/usecase1.jpg, id=152, 580.1675pt x 640.3925pt>
File: fig/usecase1.jpg Graphic file (type jpg)
<use fig/usecase1.jpg>
Package pdftex.def Info: fig/usecase1.jpg  used on input line 1039.
(pdftex.def)             Requested size: 290.08302pt x 320.19547pt.
<fig/usecase2.png, id=153, 574.145pt x 399.4925pt>
File: fig/usecase2.png Graphic file (type png)
<use fig/usecase2.png>
Package pdftex.def Info: fig/usecase2.png  used on input line 1045.
(pdftex.def)             Requested size: 287.0718pt x 199.74576pt.

Underfull \hbox (badness 10000) in paragraph at lines 1050--1051

 []

[24 <./fig/usecase1.jpg> <./fig/usecase2.png>]
<fig/usecase3.png, id=158, 1686.3pt x 1053.9375pt>
File: fig/usecase3.png Graphic file (type png)
<use fig/usecase3.png>
Package pdftex.def Info: fig/usecase3.png  used on input line 1053.
(pdftex.def)             Requested size: 843.14795pt x 526.96747pt.

Underfull \hbox (badness 10000) in paragraph at lines 1060--1061

 []

<fig/usecase4.png, id=159, 1686.3pt x 1053.9375pt>
File: fig/usecase4.png Graphic file (type png)
<use fig/usecase4.png>
Package pdftex.def Info: fig/usecase4.png  used on input line 1063.
(pdftex.def)             Requested size: 843.14795pt x 526.96747pt.

Underfull \hbox (badness 10000) in paragraph at lines 1068--1069

 []

<fig/usecase5.png, id=160, 1880.02374pt x 896.34875pt>
File: fig/usecase5.png Graphic file (type png)
<use fig/usecase5.png>
Package pdftex.def Info: fig/usecase5.png  used on input line 1072.
(pdftex.def)             Requested size: 940.00958pt x 448.17328pt.

Underfull \hbox (badness 3482) in paragraph at lines 1078--1079
[]\OT1/ptm/m/it/10 In the pro-file page, user can change their
 []


Underfull \hbox (badness 10000) in paragraph at lines 1078--1079

 []


Underfull \hbox (badness 10000) in paragraph at lines 1082--1083

 []

<fig/usecase6.png, id=161, 1798.72pt x 930.47626pt>
File: fig/usecase6.png Graphic file (type png)
<use fig/usecase6.png>
Package pdftex.def Info: fig/usecase6.png  used on input line 1086.
(pdftex.def)             Requested size: 899.3578pt x 465.23698pt.

Underfull \hbox (badness 5637) in paragraph at lines 1093--1094
\OT1/ptm/m/n/10 as-sem-bly min-utes list. Min-utes list that is
 []


Underfull \hbox (badness 7814) in paragraph at lines 1093--1094
\OT1/ptm/m/n/10 com-mit-tees, spe-cial com-mit-tees, con-fir-ma-tion
 []


Underfull \hbox (badness 3364) in paragraph at lines 1093--1094
\OT1/ptm/m/n/10 hear-ings, sub-com-mit-tees, par-lia-men-tary au-dits,
 []


Underfull \hbox (badness 10000) in paragraph at lines 1093--1094

 []

[25 <./fig/usecase3.png> <./fig/usecase4.png> <./fig/usecase5.png> <./fig/useca
se6.png>]
<fig/usecase7.png, id=170, 1798.72pt x 930.47626pt>
File: fig/usecase7.png Graphic file (type png)
<use fig/usecase7.png>
Package pdftex.def Info: fig/usecase7.png  used on input line 1098.
(pdftex.def)             Requested size: 899.3578pt x 465.23698pt.

Underfull \hbox (badness 10000) in paragraph at lines 1103--1104

 []

<fig/usecase8.png, id=171, 1798.72pt x 930.47626pt>
File: fig/usecase8.png Graphic file (type png)
<use fig/usecase8.png>
Package pdftex.def Info: fig/usecase8.png  used on input line 1107.
(pdftex.def)             Requested size: 899.3578pt x 465.23698pt.

Underfull \hbox (badness 10000) in paragraph at lines 1114--1115

 []


Underfull \vbox (badness 10000) has occurred while \output is active []

File: fig/usecase6.png Graphic file (type png)
<use fig/usecase6.png>
Package pdftex.def Info: fig/usecase6.png  used on input line 1123.
(pdftex.def)             Requested size: 899.3578pt x 465.23698pt.
<fig/usecase9.png, id=172, 1798.72pt x 930.47626pt>
File: fig/usecase9.png Graphic file (type png)
<use fig/usecase9.png>
Package pdftex.def Info: fig/usecase9.png  used on input line 1130.
(pdftex.def)             Requested size: 899.3578pt x 465.23698pt.

Underfull \hbox (badness 10000) in paragraph at lines 1135--1137

 []

[26

 <./fig/usecase7.png> <./fig/usecase8.png> <./fig/usecase9.png>]
<fig/usecase10.png, id=179, 1798.72pt x 930.47626pt>
File: fig/usecase10.png Graphic file (type png)
<use fig/usecase10.png>
Package pdftex.def Info: fig/usecase10.png  used on input line 1143.
(pdftex.def)             Requested size: 899.3578pt x 465.23698pt.
<fig/usecase11.png, id=180, 1798.72pt x 930.47626pt>
File: fig/usecase11.png Graphic file (type png)
<use fig/usecase11.png>
Package pdftex.def Info: fig/usecase11.png  used on input line 1149.
(pdftex.def)             Requested size: 899.3578pt x 465.23698pt.

Underfull \hbox (badness 10000) in paragraph at lines 1155--1157

 []


Underfull \vbox (badness 10000) has occurred while \output is active []

<fig/usecase12.png, id=181, 1798.72pt x 930.47626pt>
File: fig/usecase12.png Graphic file (type png)
<use fig/usecase12.png>
Package pdftex.def Info: fig/usecase12.png  used on input line 1165.
(pdftex.def)             Requested size: 899.3578pt x 465.23698pt.

Underfull \hbox (badness 10000) in paragraph at lines 1173--1174

 []

[27

 <./fig/usecase10.png> <./fig/usecase11.png> <./fig/usecase12.png>]
<fig/usecase13.png, id=188, 1798.72pt x 930.47626pt>
File: fig/usecase13.png Graphic file (type png)
<use fig/usecase13.png>
Package pdftex.def Info: fig/usecase13.png  used on input line 1179.
(pdftex.def)             Requested size: 899.3578pt x 465.23698pt.
<fig/usecase14.png, id=189, 1798.72pt x 930.47626pt>
File: fig/usecase14.png Graphic file (type png)
<use fig/usecase14.png>
Package pdftex.def Info: fig/usecase14.png  used on input line 1186.
(pdftex.def)             Requested size: 899.3578pt x 465.23698pt.

Underfull \hbox (badness 10000) in paragraph at lines 1195--1196

 []


Underfull \hbox (badness 10000) in paragraph at lines 1196--1197

 []


** Conference Paper **
Before submitting the final camera ready copy, remember to:

 1. Manually equalize the lengths of two columns on the last page
 of your paper;

 2. Ensure that any PostScript and/or PDF output post-processing
 uses only Type 1 fonts and that every step in the generation
 process uses the appropriate paper size.

[28

 <./fig/usecase13.png> <./fig/usecase14.png>] [29

] (./fact_finder.aux)

LaTeX Warning: There were multiply-defined labels.

 ) 
Here is how much of TeX's memory you used:
 4916 strings out of 492616
 72435 string characters out of 6129481
 175929 words of memory out of 5000000
 8753 multiletter control sequences out of 15000+600000
 39583 words of font info for 80 fonts, out of 8000000 for 9000
 1141 hyphenation exceptions out of 8191
 36i,12n,35p,1118b,513s stack positions out of 5000i,500n,10000p,200000b,80000s
{/usr/local/texlive/2019/texmf-dist/fonts/enc/dvips/base/8r.enc}</usr/local/t
exlive/2019/texmf-dist/fonts/type1/urw/times/utmb8a.pfb></usr/local/texlive/201
9/texmf-dist/fonts/type1/urw/times/utmbi8a.pfb></usr/local/texlive/2019/texmf-d
ist/fonts/type1/urw/times/utmr8a.pfb></usr/local/texlive/2019/texmf-dist/fonts/
type1/urw/times/utmri8a.pfb>
Output written on fact_finder.pdf (29 pages, 49464686 bytes).
PDF statistics:
 214 PDF objects out of 1000 (max. 8388607)
 79 compressed objects within 1 object stream
 0 named destinations out of 1000 (max. 500000)
 261 words of extra memory for PDF output out of 10000 (max. 10000000)

